<?xml version="1.0" encoding="UTF-8" ?>
<testsuites>
  <testsuite errors="0" failures="0" hostname="ematheson-lenovo" id="0" name="TekEventSpec" package="com.tekdays" tests="1" time="0.571" timestamp="2014-06-18T15:47:50">
      <properties />

      <testcase classname="com.tekdays.TekEventSpec" name="test toString" time="0.541" />

      <system-out><![CDATA[--Output from test toString--
]]></system-out>

      <system-err><![CDATA[--Output from test toString--
]]></system-err>

  </testsuite>
</testsuites>
